<?xml version="1.0" encoding="UTF-8"?>
<testng-results skipped="0" failed="0" total="4" passed="4">
  <reporter-output>
    <line>
      <![CDATA[usaer login success]]>
    </line>
    <line>
      <![CDATA[flight details selected]]>
    </line>
    <line>
      <![CDATA[fname is found]]>
    </line>
  </reporter-output>
  <suite name="pomfrm" duration-ms="12327" started-at="2016-07-07T06:04:56Z" finished-at="2016-07-07T06:05:09Z">
    <groups>
      <group name="webapp">
        <method signature="Main_TestCases.TC1_Login()[pri:0, instance:com.webtour.pages.Main_TestCases@16d4b5c]" name="TC1_Login" class="com.webtour.pages.Main_TestCases"/>
      </group> <!-- webapp -->
    </groups>
    <test name="webtour" duration-ms="12327" started-at="2016-07-07T06:04:56Z" finished-at="2016-07-07T06:05:09Z">
      <class name="com.webtour.pages.Main_TestCases">
        <test-method status="PASS" signature="Launch()[pri:0, instance:com.webtour.pages.Main_TestCases@16d4b5c]" name="Launch" is-config="true" duration-ms="5886" started-at="2016-07-07T11:34:56Z" finished-at="2016-07-07T11:35:02Z">
          <reporter-output>
          </reporter-output>
        </test-method> <!-- Launch -->
        <test-method status="PASS" signature="TC1_Login()[pri:0, instance:com.webtour.pages.Main_TestCases@16d4b5c]" name="TC1_Login" duration-ms="1921" started-at="2016-07-07T11:35:02Z" finished-at="2016-07-07T11:35:04Z">
          <reporter-output>
            <line>
              <![CDATA[usaer login success]]>
            </line>
          </reporter-output>
        </test-method> <!-- TC1_Login -->
        <test-method status="PASS" signature="TC2_FlightFinder()[pri:1, instance:com.webtour.pages.Main_TestCases@16d4b5c]" name="TC2_FlightFinder" duration-ms="1177" started-at="2016-07-07T11:35:04Z" depends-on-methods="com.webtour.pages.Main_TestCases.TC1_Login" finished-at="2016-07-07T11:35:05Z">
          <reporter-output>
            <line>
              <![CDATA[flight details selected]]>
            </line>
          </reporter-output>
        </test-method> <!-- TC2_FlightFinder -->
        <test-method status="PASS" signature="TC3_SelectFlight()[pri:2, instance:com.webtour.pages.Main_TestCases@16d4b5c]" name="TC3_SelectFlight" duration-ms="1197" started-at="2016-07-07T11:35:06Z" depends-on-methods="com.webtour.pages.Main_TestCases.TC2_FlightFinder" finished-at="2016-07-07T11:35:07Z">
          <reporter-output>
            <line>
              <![CDATA[fname is found]]>
            </line>
          </reporter-output>
        </test-method> <!-- TC3_SelectFlight -->
        <test-method status="PASS" signature="TC4_BookFlight()[pri:3, instance:com.webtour.pages.Main_TestCases@16d4b5c]" name="TC4_BookFlight" duration-ms="244" started-at="2016-07-07T11:35:07Z" depends-on-methods="com.webtour.pages.Main_TestCases.TC3_SelectFlight" finished-at="2016-07-07T11:35:07Z">
          <reporter-output>
          </reporter-output>
        </test-method> <!-- TC4_BookFlight -->
        <test-method status="PASS" signature="Logout()[pri:0, instance:com.webtour.pages.Main_TestCases@16d4b5c]" name="Logout" is-config="true" duration-ms="1864" started-at="2016-07-07T11:35:07Z" finished-at="2016-07-07T11:35:09Z">
          <reporter-output>
          </reporter-output>
        </test-method> <!-- Logout -->
      </class> <!-- com.webtour.pages.Main_TestCases -->
    </test> <!-- webtour -->
  </suite> <!-- pomfrm -->
</testng-results>
