<?xml version="1.0" encoding="UTF-8"?>
<!-- Generated by org.testng.reporters.JUnitXMLReporter -->
<testsuite hostname="e121" name="webtour" tests="4" failures="0" timestamp="7 Jul 2016 06:05:09 GMT" time="12.327" errors="0">
  <testcase name="TC1_Login" time="1.921" classname="com.webtour.pages.Main_TestCases"/>
  <testcase name="TC2_FlightFinder" time="1.177" classname="com.webtour.pages.Main_TestCases"/>
  <testcase name="TC3_SelectFlight" time="1.197" classname="com.webtour.pages.Main_TestCases"/>
  <testcase name="TC4_BookFlight" time="0.244" classname="com.webtour.pages.Main_TestCases"/>
</testsuite> <!-- webtour -->
